<?xml version="1.0" encoding="UTF-8"?>
<!-- Generated by org.testng.reporters.JUnitXMLReporter -->
<testsuite hostname="Tus-MacBook-Pro.attlocal.net" ignored="0" name="dotdash - take-home-webdriver-test" tests="6" failures="0" timestamp="16 Sep 2020 05:36:36 GMT" time="5.076" errors="0">
  <testcase name="is_able_to_select_first_checkbox" time="0.08" classname="com.dotdash.test.CheckBoxes"/>
  <testcase name="is_able_to_unselect_first_checkbox" time="0.035" classname="com.dotdash.test.CheckBoxes"/>
  <testcase name="login_invalid_creds" time="0.375" classname="com.dotdash.test.Login"/>
  <testcase name="login_valid_creds" time="0.217" classname="com.dotdash.test.Login"/>
  <testcase name="is_default_second_checkbox_selected" time="0.017" classname="com.dotdash.test.CheckBoxes"/>
  <testcase name="is_able_to_unselect_second_checkbox" time="0.047" classname="com.dotdash.test.CheckBoxes"/>
</testsuite> <!-- dotdash - take-home-webdriver-test -->
