<?xml version="1.0" encoding="UTF-8"?>
<!-- Generated by org.testng.reporters.JUnitXMLReporter -->
<testsuite hostname="Tus-MacBook-Pro.local" ignored="0" name="dotdash - take-home-webdriver-test" tests="23" failures="0" timestamp="20 Sep 2020 06:32:51 GMT" time="46.086" errors="0">
  <testcase name="able_to_click_on_target_area" time="0.946" classname="com.dotdash.test.ContextMenu"/>
  <testcase name="is_able_to_select_first_checkbox" time="0.068" classname="com.dotdash.test.CheckBoxes"/>
  <testcase name="is_able_to_unselect_first_checkbox" time="0.033" classname="com.dotdash.test.CheckBoxes"/>
  <testcase name="login_invalid_creds" time="0.328" classname="com.dotdash.test.Login"/>
  <testcase name="login_valid_creds" time="0.211" classname="com.dotdash.test.Login"/>
  <testcase name="able_to_download_file" time="0.588" classname="com.dotdash.test.FileDownload"/>
  <testcase name="able_to_open_new_window_tab" time="0.144" classname="com.dotdash.test.OpenNewWindow"/>
  <testcase name="make_sure_dynamic_content_change" time="0.417" classname="com.dotdash.test.DynamicContent"/>
  <testcase name="able_to_load_new_text" time="5.307" classname="com.dotdash.test.DynamicLoading"/>
  <testcase name="able_to_trigger_js_alert" time="0.328" classname="com.dotdash.test.JavaScriptAlert"/>
  <testcase name="able_to_trigger_js_alert_confirm" time="0.389" classname="com.dotdash.test.JavaScriptAlert"/>
  <testcase name="able_to_trigger_js_prompt" time="0.836" classname="com.dotdash.test.JavaScriptAlert"/>
  <testcase name="able_to_hover_and_see_user_info" time="0.471" classname="com.dotdash.test.MouseHover"/>
  <testcase name="able_to_detect_js_err_on_page" time="0.005" classname="com.dotdash.test.JavaScriptError"/>
  <testcase name="able_to_select_option" time="0.155" classname="com.dotdash.test.DropDownList"/>
  <testcase name="able_to_input_text_to_iframe" time="0.237" classname="com.dotdash.test.IFrame"/>
  <testcase name="able_to_dnd_left_to_right" time="2.615" classname="com.dotdash.test.DnD"/>
  <testcase name="able_to_dnd_right_to_left" time="2.592" classname="com.dotdash.test.DnD"/>
  <testcase name="able_to_enable_textfield" time="3.329" classname="com.dotdash.test.DynamicControl"/>
  <testcase name="able_to_remove_checkbox" time="3.258" classname="com.dotdash.test.DynamicControl"/>
  <testcase name="scroll_and_check_menu_floating" time="0.031" classname="com.dotdash.test.FloatingMenu"/>
  <testcase name="is_default_second_checkbox_selected" time="0.011" classname="com.dotdash.test.CheckBoxes"/>
  <testcase name="is_able_to_unselect_second_checkbox" time="0.041" classname="com.dotdash.test.CheckBoxes"/>
</testsuite> <!-- dotdash - take-home-webdriver-test -->
