<?xml version="1.0" encoding="UTF-8"?>
<testng-results skipped="0" failed="0" ignored="0" total="23" passed="23">
  <reporter-output>
  </reporter-output>
  <suite name="the-internet app acceptance test" duration-ms="46086" started-at="2020-09-20T06:32:05Z" finished-at="2020-09-20T06:32:51Z">
    <groups>
    </groups>
    <test name="dotdash - take-home-webdriver-test" duration-ms="46086" started-at="2020-09-20T06:32:05Z" finished-at="2020-09-20T06:32:51Z">
      <class name="com.dotdash.test.FloatingMenu">
        <test-method status="PASS" signature="init()[pri:0, instance:com.dotdash.test.FloatingMenu@176d53b2]" name="init" is-config="true" duration-ms="1358" started-at="2020-09-20T06:32:49Z" finished-at="2020-09-20T06:32:51Z">
          <reporter-output>
          </reporter-output>
        </test-method> <!-- init -->
        <test-method status="PASS" signature="scroll_and_check_menu_floating()[pri:0, instance:com.dotdash.test.FloatingMenu@176d53b2]" name="scroll_and_check_menu_floating" duration-ms="31" started-at="2020-09-20T06:32:51Z" finished-at="2020-09-20T06:32:51Z">
          <reporter-output>
          </reporter-output>
        </test-method> <!-- scroll_and_check_menu_floating -->
        <test-method status="PASS" signature="tear_down()[pri:0, instance:com.dotdash.test.FloatingMenu@176d53b2]" name="tear_down" is-config="true" duration-ms="146" started-at="2020-09-20T06:32:51Z" finished-at="2020-09-20T06:32:51Z">
          <reporter-output>
          </reporter-output>
        </test-method> <!-- tear_down -->
      </class> <!-- com.dotdash.test.FloatingMenu -->
      <class name="com.dotdash.test.Login">
        <test-method status="PASS" signature="init()[pri:0, instance:com.dotdash.test.Login@35fc6dc4]" name="init" is-config="true" duration-ms="1414" started-at="2020-09-20T06:32:10Z" finished-at="2020-09-20T06:32:11Z">
          <reporter-output>
          </reporter-output>
        </test-method> <!-- init -->
        <test-method status="PASS" signature="login_invalid_creds()[pri:0, instance:com.dotdash.test.Login@35fc6dc4]" name="login_invalid_creds" duration-ms="328" started-at="2020-09-20T06:32:11Z" finished-at="2020-09-20T06:32:11Z">
          <reporter-output>
          </reporter-output>
        </test-method> <!-- login_invalid_creds -->
        <test-method status="PASS" signature="login_valid_creds()[pri:0, instance:com.dotdash.test.Login@35fc6dc4]" name="login_valid_creds" duration-ms="211" started-at="2020-09-20T06:32:11Z" finished-at="2020-09-20T06:32:12Z">
          <reporter-output>
          </reporter-output>
        </test-method> <!-- login_valid_creds -->
        <test-method status="PASS" signature="tear_down()[pri:0, instance:com.dotdash.test.Login@35fc6dc4]" name="tear_down" is-config="true" duration-ms="109" started-at="2020-09-20T06:32:12Z" finished-at="2020-09-20T06:32:12Z">
          <reporter-output>
          </reporter-output>
        </test-method> <!-- tear_down -->
      </class> <!-- com.dotdash.test.Login -->
      <class name="com.dotdash.test.OpenNewWindow">
        <test-method status="PASS" signature="init()[pri:0, instance:com.dotdash.test.OpenNewWindow@226a82c4]" name="init" is-config="true" duration-ms="1365" started-at="2020-09-20T06:32:14Z" finished-at="2020-09-20T06:32:15Z">
          <reporter-output>
          </reporter-output>
        </test-method> <!-- init -->
        <test-method status="PASS" signature="able_to_open_new_window_tab()[pri:0, instance:com.dotdash.test.OpenNewWindow@226a82c4]" name="able_to_open_new_window_tab" duration-ms="144" started-at="2020-09-20T06:32:15Z" finished-at="2020-09-20T06:32:15Z">
          <reporter-output>
          </reporter-output>
        </test-method> <!-- able_to_open_new_window_tab -->
        <test-method status="PASS" signature="tear_down()[pri:0, instance:com.dotdash.test.OpenNewWindow@226a82c4]" name="tear_down" is-config="true" duration-ms="156" started-at="2020-09-20T06:32:15Z" finished-at="2020-09-20T06:32:16Z">
          <reporter-output>
          </reporter-output>
        </test-method> <!-- tear_down -->
      </class> <!-- com.dotdash.test.OpenNewWindow -->
      <class name="com.dotdash.test.FileDownload">
        <test-method status="PASS" signature="init()[pri:0, instance:com.dotdash.test.FileDownload@7fe8ea47]" name="init" is-config="true" duration-ms="1451" started-at="2020-09-20T06:32:12Z" finished-at="2020-09-20T06:32:13Z">
          <reporter-output>
          </reporter-output>
        </test-method> <!-- init -->
        <test-method status="PASS" signature="able_to_download_file()[pri:0, instance:com.dotdash.test.FileDownload@7fe8ea47]" name="able_to_download_file" duration-ms="588" started-at="2020-09-20T06:32:13Z" finished-at="2020-09-20T06:32:14Z">
          <reporter-output>
          </reporter-output>
        </test-method> <!-- able_to_download_file -->
        <test-method status="PASS" signature="tear_down()[pri:0, instance:com.dotdash.test.FileDownload@7fe8ea47]" name="tear_down" is-config="true" duration-ms="183" started-at="2020-09-20T06:32:14Z" finished-at="2020-09-20T06:32:14Z">
          <reporter-output>
          </reporter-output>
        </test-method> <!-- tear_down -->
      </class> <!-- com.dotdash.test.FileDownload -->
      <class name="com.dotdash.test.DynamicControl">
        <test-method status="PASS" signature="init()[pri:0, instance:com.dotdash.test.DynamicControl@491666ad]" name="init" is-config="true" duration-ms="1516" started-at="2020-09-20T06:32:41Z" finished-at="2020-09-20T06:32:42Z">
          <reporter-output>
          </reporter-output>
        </test-method> <!-- init -->
        <test-method status="PASS" signature="able_to_enable_textfield()[pri:0, instance:com.dotdash.test.DynamicControl@491666ad]" name="able_to_enable_textfield" duration-ms="3329" started-at="2020-09-20T06:32:42Z" finished-at="2020-09-20T06:32:46Z">
          <reporter-output>
          </reporter-output>
        </test-method> <!-- able_to_enable_textfield -->
        <test-method status="PASS" signature="able_to_remove_checkbox()[pri:0, instance:com.dotdash.test.DynamicControl@491666ad]" name="able_to_remove_checkbox" duration-ms="3258" started-at="2020-09-20T06:32:46Z" finished-at="2020-09-20T06:32:49Z">
          <reporter-output>
          </reporter-output>
        </test-method> <!-- able_to_remove_checkbox -->
        <test-method status="PASS" signature="tear_down()[pri:0, instance:com.dotdash.test.DynamicControl@491666ad]" name="tear_down" is-config="true" duration-ms="163" started-at="2020-09-20T06:32:49Z" finished-at="2020-09-20T06:32:49Z">
          <reporter-output>
          </reporter-output>
        </test-method> <!-- tear_down -->
      </class> <!-- com.dotdash.test.DynamicControl -->
      <class name="com.dotdash.test.DynamicLoading">
        <test-method status="PASS" signature="init()[pri:0, instance:com.dotdash.test.DynamicLoading@255b53dc]" name="init" is-config="true" duration-ms="1409" started-at="2020-09-20T06:32:17Z" finished-at="2020-09-20T06:32:19Z">
          <reporter-output>
          </reporter-output>
        </test-method> <!-- init -->
        <test-method status="PASS" signature="able_to_load_new_text()[pri:0, instance:com.dotdash.test.DynamicLoading@255b53dc]" name="able_to_load_new_text" duration-ms="5307" started-at="2020-09-20T06:32:19Z" finished-at="2020-09-20T06:32:24Z">
          <reporter-output>
          </reporter-output>
        </test-method> <!-- able_to_load_new_text -->
        <test-method status="PASS" signature="tear_down()[pri:0, instance:com.dotdash.test.DynamicLoading@255b53dc]" name="tear_down" is-config="true" duration-ms="152" started-at="2020-09-20T06:32:24Z" finished-at="2020-09-20T06:32:24Z">
          <reporter-output>
          </reporter-output>
        </test-method> <!-- tear_down -->
      </class> <!-- com.dotdash.test.DynamicLoading -->
      <class name="com.dotdash.test.DropDownList">
        <test-method status="PASS" signature="init()[pri:0, instance:com.dotdash.test.DropDownList@1b68b9a4]" name="init" is-config="true" duration-ms="1307" started-at="2020-09-20T06:32:31Z" finished-at="2020-09-20T06:32:32Z">
          <reporter-output>
          </reporter-output>
        </test-method> <!-- init -->
        <test-method status="PASS" signature="able_to_select_option()[pri:0, instance:com.dotdash.test.DropDownList@1b68b9a4]" name="able_to_select_option" duration-ms="155" started-at="2020-09-20T06:32:32Z" finished-at="2020-09-20T06:32:32Z">
          <reporter-output>
          </reporter-output>
        </test-method> <!-- able_to_select_option -->
        <test-method status="PASS" signature="tear_down()[pri:0, instance:com.dotdash.test.DropDownList@1b68b9a4]" name="tear_down" is-config="true" duration-ms="151" started-at="2020-09-20T06:32:32Z" finished-at="2020-09-20T06:32:32Z">
          <reporter-output>
          </reporter-output>
        </test-method> <!-- tear_down -->
      </class> <!-- com.dotdash.test.DropDownList -->
      <class name="com.dotdash.test.IFrame">
        <test-method status="PASS" signature="init()[pri:0, instance:com.dotdash.test.IFrame@4f9a3314]" name="init" is-config="true" duration-ms="1586" started-at="2020-09-20T06:32:32Z" finished-at="2020-09-20T06:32:34Z">
          <reporter-output>
          </reporter-output>
        </test-method> <!-- init -->
        <test-method status="PASS" signature="able_to_input_text_to_iframe()[pri:0, instance:com.dotdash.test.IFrame@4f9a3314]" name="able_to_input_text_to_iframe" duration-ms="237" started-at="2020-09-20T06:32:34Z" finished-at="2020-09-20T06:32:34Z">
          <reporter-output>
          </reporter-output>
        </test-method> <!-- able_to_input_text_to_iframe -->
        <test-method status="PASS" signature="tear_down()[pri:0, instance:com.dotdash.test.IFrame@4f9a3314]" name="tear_down" is-config="true" duration-ms="115" started-at="2020-09-20T06:32:34Z" finished-at="2020-09-20T06:32:34Z">
          <reporter-output>
          </reporter-output>
        </test-method> <!-- tear_down -->
      </class> <!-- com.dotdash.test.IFrame -->
      <class name="com.dotdash.test.DynamicContent">
        <test-method status="PASS" signature="init()[pri:0, instance:com.dotdash.test.DynamicContent@731f8236]" name="init" is-config="true" duration-ms="1282" started-at="2020-09-20T06:32:16Z" finished-at="2020-09-20T06:32:17Z">
          <reporter-output>
          </reporter-output>
        </test-method> <!-- init -->
        <test-method status="PASS" signature="make_sure_dynamic_content_change()[pri:0, instance:com.dotdash.test.DynamicContent@731f8236]" name="make_sure_dynamic_content_change" duration-ms="417" started-at="2020-09-20T06:32:17Z" finished-at="2020-09-20T06:32:17Z">
          <reporter-output>
          </reporter-output>
        </test-method> <!-- make_sure_dynamic_content_change -->
        <test-method status="PASS" signature="tear_down()[pri:0, instance:com.dotdash.test.DynamicContent@731f8236]" name="tear_down" is-config="true" duration-ms="148" started-at="2020-09-20T06:32:17Z" finished-at="2020-09-20T06:32:17Z">
          <reporter-output>
          </reporter-output>
        </test-method> <!-- tear_down -->
      </class> <!-- com.dotdash.test.DynamicContent -->
      <class name="com.dotdash.test.MouseHover">
        <test-method status="PASS" signature="init()[pri:0, instance:com.dotdash.test.MouseHover@6b53e23f]" name="init" is-config="true" duration-ms="1327" started-at="2020-09-20T06:32:27Z" finished-at="2020-09-20T06:32:29Z">
          <reporter-output>
          </reporter-output>
        </test-method> <!-- init -->
        <test-method status="PASS" signature="able_to_hover_and_see_user_info()[pri:0, instance:com.dotdash.test.MouseHover@6b53e23f]" name="able_to_hover_and_see_user_info" duration-ms="471" started-at="2020-09-20T06:32:29Z" finished-at="2020-09-20T06:32:29Z">
          <reporter-output>
          </reporter-output>
        </test-method> <!-- able_to_hover_and_see_user_info -->
        <test-method status="PASS" signature="tear_down()[pri:0, instance:com.dotdash.test.MouseHover@6b53e23f]" name="tear_down" is-config="true" duration-ms="152" started-at="2020-09-20T06:32:29Z" finished-at="2020-09-20T06:32:29Z">
          <reporter-output>
          </reporter-output>
        </test-method> <!-- tear_down -->
      </class> <!-- com.dotdash.test.MouseHover -->
      <class name="com.dotdash.test.JavaScriptError">
        <test-method status="PASS" signature="init()[pri:0, instance:com.dotdash.test.JavaScriptError@64d2d351]" name="init" is-config="true" duration-ms="1168" started-at="2020-09-20T06:32:29Z" finished-at="2020-09-20T06:32:31Z">
          <reporter-output>
          </reporter-output>
        </test-method> <!-- init -->
        <test-method status="PASS" signature="able_to_detect_js_err_on_page()[pri:0, instance:com.dotdash.test.JavaScriptError@64d2d351]" name="able_to_detect_js_err_on_page" duration-ms="5" started-at="2020-09-20T06:32:31Z" finished-at="2020-09-20T06:32:31Z">
          <reporter-output>
          </reporter-output>
        </test-method> <!-- able_to_detect_js_err_on_page -->
        <test-method status="PASS" signature="tear_down()[pri:0, instance:com.dotdash.test.JavaScriptError@64d2d351]" name="tear_down" is-config="true" duration-ms="145" started-at="2020-09-20T06:32:31Z" finished-at="2020-09-20T06:32:31Z">
          <reporter-output>
          </reporter-output>
        </test-method> <!-- tear_down -->
      </class> <!-- com.dotdash.test.JavaScriptError -->
      <class name="com.dotdash.test.DnD">
        <test-method status="PASS" signature="init()[pri:0, instance:com.dotdash.test.DnD@3b2c72c2]" name="init" is-config="true" duration-ms="1351" started-at="2020-09-20T06:32:34Z" finished-at="2020-09-20T06:32:36Z">
          <reporter-output>
          </reporter-output>
        </test-method> <!-- init -->
        <test-method status="PASS" signature="able_to_dnd_left_to_right()[pri:0, instance:com.dotdash.test.DnD@3b2c72c2]" name="able_to_dnd_left_to_right" duration-ms="2615" started-at="2020-09-20T06:32:36Z" finished-at="2020-09-20T06:32:38Z">
          <reporter-output>
          </reporter-output>
        </test-method> <!-- able_to_dnd_left_to_right -->
        <test-method status="PASS" signature="able_to_dnd_right_to_left()[pri:0, instance:com.dotdash.test.DnD@3b2c72c2]" name="able_to_dnd_right_to_left" duration-ms="2592" started-at="2020-09-20T06:32:38Z" finished-at="2020-09-20T06:32:41Z">
          <reporter-output>
          </reporter-output>
        </test-method> <!-- able_to_dnd_right_to_left -->
        <test-method status="PASS" signature="tear_down()[pri:0, instance:com.dotdash.test.DnD@3b2c72c2]" name="tear_down" is-config="true" duration-ms="155" started-at="2020-09-20T06:32:41Z" finished-at="2020-09-20T06:32:41Z">
          <reporter-output>
          </reporter-output>
        </test-method> <!-- tear_down -->
      </class> <!-- com.dotdash.test.DnD -->
      <class name="com.dotdash.test.ContextMenu">
        <test-method status="PASS" signature="init()[pri:0, instance:com.dotdash.test.ContextMenu@351d0846]" name="init" is-config="true" duration-ms="2263" started-at="2020-09-20T06:32:05Z" finished-at="2020-09-20T06:32:07Z">
          <reporter-output>
          </reporter-output>
        </test-method> <!-- init -->
        <test-method status="PASS" signature="able_to_click_on_target_area()[pri:0, instance:com.dotdash.test.ContextMenu@351d0846]" name="able_to_click_on_target_area" duration-ms="946" started-at="2020-09-20T06:32:07Z" finished-at="2020-09-20T06:32:08Z">
          <reporter-output>
          </reporter-output>
        </test-method> <!-- able_to_click_on_target_area -->
        <test-method status="PASS" signature="tear_down()[pri:0, instance:com.dotdash.test.ContextMenu@351d0846]" name="tear_down" is-config="true" duration-ms="161" started-at="2020-09-20T06:32:08Z" finished-at="2020-09-20T06:32:08Z">
          <reporter-output>
          </reporter-output>
        </test-method> <!-- tear_down -->
      </class> <!-- com.dotdash.test.ContextMenu -->
      <class name="com.dotdash.test.CheckBoxes">
        <test-method status="PASS" signature="init()[pri:0, instance:com.dotdash.test.CheckBoxes@77e4c80f]" name="init" is-config="true" duration-ms="1320" started-at="2020-09-20T06:32:08Z" finished-at="2020-09-20T06:32:10Z">
          <reporter-output>
          </reporter-output>
        </test-method> <!-- init -->
        <test-method status="PASS" signature="is_able_to_select_first_checkbox()[pri:0, instance:com.dotdash.test.CheckBoxes@77e4c80f]" name="is_able_to_select_first_checkbox" duration-ms="68" started-at="2020-09-20T06:32:10Z" finished-at="2020-09-20T06:32:10Z">
          <reporter-output>
          </reporter-output>
        </test-method> <!-- is_able_to_select_first_checkbox -->
        <test-method status="PASS" signature="is_able_to_unselect_first_checkbox()[pri:0, instance:com.dotdash.test.CheckBoxes@77e4c80f]" name="is_able_to_unselect_first_checkbox" duration-ms="33" started-at="2020-09-20T06:32:10Z" finished-at="2020-09-20T06:32:10Z">
          <reporter-output>
          </reporter-output>
        </test-method> <!-- is_able_to_unselect_first_checkbox -->
        <test-method status="PASS" signature="is_default_second_checkbox_selected()[pri:1, instance:com.dotdash.test.CheckBoxes@77e4c80f]" name="is_default_second_checkbox_selected" duration-ms="11" started-at="2020-09-20T06:32:51Z" finished-at="2020-09-20T06:32:51Z">
          <reporter-output>
          </reporter-output>
        </test-method> <!-- is_default_second_checkbox_selected -->
        <test-method status="PASS" signature="is_able_to_unselect_second_checkbox()[pri:2, instance:com.dotdash.test.CheckBoxes@77e4c80f]" name="is_able_to_unselect_second_checkbox" duration-ms="41" started-at="2020-09-20T06:32:51Z" finished-at="2020-09-20T06:32:51Z">
          <reporter-output>
          </reporter-output>
        </test-method> <!-- is_able_to_unselect_second_checkbox -->
        <test-method status="PASS" signature="tear_down()[pri:0, instance:com.dotdash.test.CheckBoxes@77e4c80f]" name="tear_down" is-config="true" duration-ms="145" started-at="2020-09-20T06:32:51Z" finished-at="2020-09-20T06:32:51Z">
          <reporter-output>
          </reporter-output>
        </test-method> <!-- tear_down -->
      </class> <!-- com.dotdash.test.CheckBoxes -->
      <class name="com.dotdash.test.JavaScriptAlert">
        <test-method status="PASS" signature="init()[pri:0, instance:com.dotdash.test.JavaScriptAlert@1dd92fe2]" name="init" is-config="true" duration-ms="1403" started-at="2020-09-20T06:32:24Z" finished-at="2020-09-20T06:32:26Z">
          <reporter-output>
          </reporter-output>
        </test-method> <!-- init -->
        <test-method status="PASS" signature="able_to_trigger_js_alert()[pri:0, instance:com.dotdash.test.JavaScriptAlert@1dd92fe2]" name="able_to_trigger_js_alert" duration-ms="328" started-at="2020-09-20T06:32:26Z" finished-at="2020-09-20T06:32:26Z">
          <reporter-output>
          </reporter-output>
        </test-method> <!-- able_to_trigger_js_alert -->
        <test-method status="PASS" signature="able_to_trigger_js_alert_confirm()[pri:0, instance:com.dotdash.test.JavaScriptAlert@1dd92fe2]" name="able_to_trigger_js_alert_confirm" duration-ms="389" started-at="2020-09-20T06:32:26Z" finished-at="2020-09-20T06:32:26Z">
          <reporter-output>
          </reporter-output>
        </test-method> <!-- able_to_trigger_js_alert_confirm -->
        <test-method status="PASS" signature="able_to_trigger_js_prompt()[pri:0, instance:com.dotdash.test.JavaScriptAlert@1dd92fe2]" name="able_to_trigger_js_prompt" duration-ms="836" started-at="2020-09-20T06:32:26Z" finished-at="2020-09-20T06:32:27Z">
          <reporter-output>
          </reporter-output>
        </test-method> <!-- able_to_trigger_js_prompt -->
        <test-method status="PASS" signature="tear_down()[pri:0, instance:com.dotdash.test.JavaScriptAlert@1dd92fe2]" name="tear_down" is-config="true" duration-ms="117" started-at="2020-09-20T06:32:27Z" finished-at="2020-09-20T06:32:27Z">
          <reporter-output>
          </reporter-output>
        </test-method> <!-- tear_down -->
      </class> <!-- com.dotdash.test.JavaScriptAlert -->
    </test> <!-- dotdash - take-home-webdriver-test -->
  </suite> <!-- the-internet app acceptance test -->
</testng-results>
